Reading netlist file: "/Users/gioelegiunta/Documents/Carriera Scolastica/PoliTO/1_1/Electronics for embedded systems/Project EFES/efes_project_s360501/impl/gwsynthesis/efes_project_s360501.vg"
Parsing netlist file "/Users/gioelegiunta/Documents/Carriera Scolastica/PoliTO/1_1/Electronics for embedded systems/Project EFES/efes_project_s360501/impl/gwsynthesis/efes_project_s360501.vg" completed
Processing netlist completed
Reading constraint file: "/Users/gioelegiunta/Documents/Carriera Scolastica/PoliTO/1_1/Electronics for embedded systems/Project EFES/efes_project_s360501/src/efes_project_s360501.cst"
Physical Constraint parsed completed
Running placement......
[10%] Placement Phase 0 completed
[20%] Placement Phase 1 completed
[30%] Placement Phase 2 completed
[50%] Placement Phase 3 completed
Running routing......
[60%] Routing Phase 0 completed
[70%] Routing Phase 1 completed
[80%] Routing Phase 2 completed
WARN  (PR1014) : Generic routing resource will be used to clock signal 'clk_i_d' by the specified constraint. And then it may lead to the excessive delay or skew
[90%] Routing Phase 3 completed
Running timing analysis......
[95%] Timing analysis completed
Placement and routing completed
Bitstream generation in progress......
Bitstream generation completed
Running power analysis......
[100%] Power analysis completed
Generate file "/Users/gioelegiunta/Documents/Carriera Scolastica/PoliTO/1_1/Electronics for embedded systems/Project EFES/efes_project_s360501/impl/pnr/efes_project_s360501.power.html" completed
Generate file "/Users/gioelegiunta/Documents/Carriera Scolastica/PoliTO/1_1/Electronics for embedded systems/Project EFES/efes_project_s360501/impl/pnr/efes_project_s360501.pin.html" completed
Generate file "/Users/gioelegiunta/Documents/Carriera Scolastica/PoliTO/1_1/Electronics for embedded systems/Project EFES/efes_project_s360501/impl/pnr/efes_project_s360501.rpt.html" completed
Generate file "/Users/gioelegiunta/Documents/Carriera Scolastica/PoliTO/1_1/Electronics for embedded systems/Project EFES/efes_project_s360501/impl/pnr/efes_project_s360501.rpt.txt" completed
Generate file "/Users/gioelegiunta/Documents/Carriera Scolastica/PoliTO/1_1/Electronics for embedded systems/Project EFES/efes_project_s360501/impl/pnr/efes_project_s360501.tr.html" completed
Tue May 19 21:45:25 2026

